<?xml version="1.0" encoding="UTF-8"?>
<testng-results ignored="0" total="5" passed="5" failed="0" skipped="0">
  <reporter-output>
  </reporter-output>
  <suite started-at="2022-11-08T11:26:17Z" name="Default suite" finished-at="2022-11-08T11:26:24Z" duration-ms="7334">
    <groups>
    </groups>
    <test started-at="2022-11-08T11:26:17Z" name="Default test" finished-at="2022-11-08T11:26:24Z" duration-ms="7334">
      <class name="demo.MerchantETest">
        <test-method is-config="true" signature="initialize()[pri:0, instance:demo.MerchantETest@5c45d770]" started-at="2022-11-08T11:26:17Z" name="initialize" finished-at="2022-11-08T11:26:17Z" duration-ms="276" status="PASS">
          <reporter-output>
          </reporter-output>
        </test-method> <!-- initialize -->
        <test-method is-config="true" signature="setUp()[pri:0, instance:demo.MerchantETest@5c45d770]" started-at="2022-11-08T11:26:17Z" name="setUp" finished-at="2022-11-08T11:26:19Z" duration-ms="1699" status="PASS">
          <reporter-output>
          </reporter-output>
        </test-method> <!-- setUp -->
        <test-method signature="PostAddUsers(java.lang.String, java.lang.String)[pri:0, instance:demo.MerchantETest@5c45d770]" started-at="2022-11-08T11:26:19Z" name="PostAddUsers" data-provider="userData" finished-at="2022-11-08T11:26:21Z" duration-ms="2152" status="PASS">
          <params>
            <param index="0">
              <value>
                <![CDATA[Apurva]]>
              </value>
            </param>
            <param index="1">
              <value>
                <![CDATA[Senior Software Engineer]]>
              </value>
            </param>
          </params>
          <reporter-output>
          </reporter-output>
        </test-method> <!-- PostAddUsers -->
        <test-method signature="PostAddUsers(java.lang.String, java.lang.String)[pri:0, instance:demo.MerchantETest@5c45d770]" started-at="2022-11-08T11:26:21Z" name="PostAddUsers" data-provider="userData" finished-at="2022-11-08T11:26:21Z" duration-ms="494" status="PASS">
          <params>
            <param index="0">
              <value>
                <![CDATA[Aditya]]>
              </value>
            </param>
            <param index="1">
              <value>
                <![CDATA[Developer]]>
              </value>
            </param>
          </params>
          <reporter-output>
          </reporter-output>
        </test-method> <!-- PostAddUsers -->
        <test-method signature="PostAddUsers(java.lang.String, java.lang.String)[pri:0, instance:demo.MerchantETest@5c45d770]" started-at="2022-11-08T11:26:21Z" name="PostAddUsers" data-provider="userData" finished-at="2022-11-08T11:26:22Z" duration-ms="489" status="PASS">
          <params>
            <param index="0">
              <value>
                <![CDATA[Amit]]>
              </value>
            </param>
            <param index="1">
              <value>
                <![CDATA[Manager]]>
              </value>
            </param>
          </params>
          <reporter-output>
          </reporter-output>
        </test-method> <!-- PostAddUsers -->
        <test-method signature="getUserById()[pri:0, instance:demo.MerchantETest@5c45d770]" started-at="2022-11-08T11:26:22Z" name="getUserById" finished-at="2022-11-08T11:26:23Z" duration-ms="1339" status="PASS">
          <reporter-output>
          </reporter-output>
        </test-method> <!-- getUserById -->
        <test-method signature="loginUser()[pri:0, instance:demo.MerchantETest@5c45d770]" started-at="2022-11-08T11:26:23Z" name="loginUser" finished-at="2022-11-08T11:26:24Z" duration-ms="479" status="PASS">
          <reporter-output>
          </reporter-output>
        </test-method> <!-- loginUser -->
        <test-method is-config="true" signature="tearDown()[pri:0, instance:demo.MerchantETest@5c45d770]" started-at="2022-11-08T11:26:24Z" name="tearDown" finished-at="2022-11-08T11:26:24Z" duration-ms="377" status="PASS">
          <reporter-output>
          </reporter-output>
        </test-method> <!-- tearDown -->
      </class> <!-- demo.MerchantETest -->
    </test> <!-- Default test -->
  </suite> <!-- Default suite -->
</testng-results>
