<?xml version="1.0" encoding="UTF-8"?>
<!-- Generated by org.testng.reporters.JUnitXMLReporter -->
<testsuite ignored="0" hostname="LAPTOP-GS7D5EG6" failures="0" tests="5" name="Default test" time="7.334" errors="0" timestamp="08 Nov 2022 11:26:24 GMT">
  <testcase classname="demo.MerchantETest" name="PostAddUsers" time="2.152"/>
  <testcase classname="demo.MerchantETest" name="PostAddUsers" time="0.494"/>
  <testcase classname="demo.MerchantETest" name="PostAddUsers" time="0.489"/>
  <testcase classname="demo.MerchantETest" name="getUserById" time="1.339"/>
  <testcase classname="demo.MerchantETest" name="loginUser" time="0.479"/>
</testsuite> <!-- Default test -->
